<?xml version="1.0" encoding="UTF-8"?>
<!-- Generated by org.testng.reporters.JUnitReportReporter -->
<testsuite skipped="0" hostname="swapnil-PC" name="test2.DemoTest" tests="4" failures="0" timestamp="28 Jul 2019 11:49:00 GMT" time="0.047" errors="0">
  <testcase name="div" time="0.047" classname="test2.DemoTest"/>
  <testcase name="sum" time="0.000" classname="test2.DemoTest"/>
  <testcase name="sub" time="0.000" classname="test2.DemoTest"/>
  <testcase name="mul" time="0.000" classname="test2.DemoTest"/>
</testsuite> <!-- test2.DemoTest -->
